<?xml version="1.0" encoding="UTF-8"?>
<!-- Generated by org.testng.reporters.JUnitXMLReporter -->
<testsuite ignored="4" hostname="DESKTOP-BHQF87V" failures="0" tests="3" name="ChromeTest" time="27.15" errors="0" timestamp="2025-02-18T14:52:30 IST">
  <testcase classname="testscript.LoginTest" name="verifyUserLoginWithInvalidUsernameAndInvalidPassword" time="1.111"/>
  <testcase classname="testscript.LoginTest" name="verifyUserLoginWithValidCredentials" time="2.041"/>
  <testcase classname="testscript.SubCategoryTest" name="verifyAddNewSubCategoryWithValidDetails" time="3.926"/>
  <testcase classname="testscript.LoginTest" name="verifyUserLoginWithValidUsernameAndInvalidPassword" time="0.0">
    <ignored/>
  </testcase> <!-- verifyUserLoginWithValidUsernameAndInvalidPassword -->
  <testcase classname="testscript.SubCategoryTest" name="verifyUserCanSearchForListSubcategory" time="0.0">
    <ignored/>
  </testcase> <!-- verifyUserCanSearchForListSubcategory -->
  <testcase classname="testscript.SubCategoryTest" name="verifySubCategoryStatusCanChange" time="0.0">
    <ignored/>
  </testcase> <!-- verifySubCategoryStatusCanChange -->
  <testcase classname="testscript.LoginTest" name="verifyUserLoginWithInvalidUsernameAndValidPassword" time="0.0">
    <ignored/>
  </testcase> <!-- verifyUserLoginWithInvalidUsernameAndValidPassword -->
</testsuite> <!-- ChromeTest -->
