<?xml version="1.0" encoding="UTF-8"?>
<testng-results ignored="0" total="1" passed="1" failed="0" skipped="0">
  <reporter-output>
  </reporter-output>
  <suite started-at="2025-02-19T18:15:26 IST" name="myTestSuite" finished-at="2025-02-19T18:15:34 IST" duration-ms="8505">
    <groups>
    </groups>
    <test started-at="2025-02-19T18:15:26 IST" name="myTest" finished-at="2025-02-19T18:15:34 IST" duration-ms="8505">
      <class name="testscript.AdminUserTest">
        <test-method is-config="true" signature="initialiseBrowser(java.lang.String)[pri:0, instance:testscript.AdminUserTest@5340477f]" started-at="2025-02-19T18:15:26 IST" name="initialiseBrowser" finished-at="2025-02-19T18:15:30 IST" duration-ms="4617" status="PASS">
          <params>
            <param index="0">
              <value>
                <![CDATA[Chrome]]>
              </value>
            </param>
          </params>
          <reporter-output>
          </reporter-output>
        </test-method> <!-- initialiseBrowser -->
        <test-method signature="verifyIfUserInfoCanUpdateStatus()[pri:0, instance:testscript.AdminUserTest@5340477f]" started-at="2025-02-19T18:15:30 IST" name="verifyIfUserInfoCanUpdateStatus" finished-at="2025-02-19T18:15:34 IST" duration-ms="3780" status="PASS">
          <reporter-output>
          </reporter-output>
        </test-method> <!-- verifyIfUserInfoCanUpdateStatus -->
        <test-method is-config="true" signature="driverQuit(org.testng.ITestResult)[pri:0, instance:testscript.AdminUserTest@5340477f]" started-at="2025-02-19T18:15:34 IST" name="driverQuit" finished-at="2025-02-19T18:15:34 IST" duration-ms="2" status="PASS">
          <params>
            <param index="0">
              <value>
                <![CDATA[[TestResult name=verifyIfUserInfoCanUpdateStatus status=SUCCESS method=AdminUserTest.verifyIfUserInfoCanUpdateStatus()[pri:0, instance:testscript.AdminUserTest@5340477f] output={null}]]]>
              </value>
            </param>
          </params>
          <reporter-output>
          </reporter-output>
        </test-method> <!-- driverQuit -->
      </class> <!-- testscript.AdminUserTest -->
    </test> <!-- myTest -->
  </suite> <!-- myTestSuite -->
</testng-results>
