<?xml version="1.0" encoding="UTF-8"?>
<!-- Generated by org.testng.reporters.JUnitXMLReporter -->
<testsuite ignored="2" hostname="DESKTOP-BHQF87V" failures="1" tests="1" name="SmokeTests" time="1.588" errors="0" timestamp="2025-02-13T14:13:28 IST">
  <testcase classname="testscript.SubCategoryTest" name="verifyAddNewSubCategoryWithValidDetails" time="1.412">
    <failure type="java.lang.NullPointerException" message="Cannot invoke &amp;quot;org.openqa.selenium.SearchContext.findElement(org.openqa.selenium.By)&amp;quot; because &amp;quot;this.searchContext&amp;quot; is null">
      <![CDATA[java.lang.NullPointerException: Cannot invoke "org.openqa.selenium.SearchContext.findElement(org.openqa.selenium.By)" because "this.searchContext" is null
at org.openqa.selenium.support.pagefactory.DefaultElementLocator.findElement(DefaultElementLocator.java:68)
at org.openqa.selenium.support.pagefactory.internal.LocatingElementHandler.invoke(LocatingElementHandler.java:38)
at jdk.proxy2/jdk.proxy2.$Proxy12.sendKeys(Unknown Source)
at pages.Loginpage.loginUsingExcelData(Loginpage.java:37)
at testscript.SubCategoryTest.verifyAddNewSubCategoryWithValidDetails(SubCategoryTest.java:22)
at java.base/java.util.ArrayList.forEach(ArrayList.java:1597)
... Removed 25 stack frames]]>
    </failure>
  </testcase> <!-- verifyAddNewSubCategoryWithValidDetails -->
  <testcase classname="testscript.SubCategoryTest" name="verifySubCategoryStatusCanChange" time="0.0">
    <ignored/>
  </testcase> <!-- verifySubCategoryStatusCanChange -->
  <testcase classname="testscript.SubCategoryTest" name="verifyUserCanSearchForListSubcategory" time="0.0">
    <ignored/>
  </testcase> <!-- verifyUserCanSearchForListSubcategory -->
</testsuite> <!-- SmokeTests -->
