<?xml version="1.0" encoding="UTF-8"?>
<!-- Generated by org.testng.reporters.JUnitXMLReporter -->
<testsuite ignored="4" hostname="DESKTOP-BHQF87V" failures="0" tests="0" time="0.03" errors="0" timestamp="2025-02-16T21:50:47 IST">
  <testcase classname="testscript.AdminUserTest" name="verifyIfNewUserInfoCanAdd" time="0.0">
    <ignored/>
  </testcase> <!-- verifyIfNewUserInfoCanAdd -->
  <testcase classname="testscript.AdminUserTest" name="verifyIfUserInfoCanEdit" time="0.0">
    <ignored/>
  </testcase> <!-- verifyIfUserInfoCanEdit -->
  <testcase classname="testscript.AdminUserTest" name="verifyIfUserInfoCanDelete" time="0.0">
    <ignored/>
  </testcase> <!-- verifyIfUserInfoCanDelete -->
  <testcase classname="testscript.AdminUserTest" name="verifyIfUserInfoCanUpdateStatus" time="0.0">
    <ignored/>
  </testcase> <!-- verifyIfUserInfoCanUpdateStatus -->
</testsuite>
