<?xml version="1.0" encoding="UTF-8"?>
<!-- Generated by org.testng.reporters.JUnitXMLReporter -->
<testsuite ignored="2" hostname="DESKTOP-BHQF87V" failures="0" tests="1" name="myTest" time="12.646" errors="0" timestamp="2025-02-18T15:04:05 IST">
  <testcase classname="testscript.CategoryTest" name="verifyUserCanUpdateImage" time="5.905"/>
  <testcase classname="testscript.CategoryTest" name="verifeUserCanUpdateStatus" time="0.0">
    <ignored/>
  </testcase> <!-- verifeUserCanUpdateStatus -->
  <testcase classname="testscript.CategoryTest" name="verifyUserAddNewCategoryWithValidDetails" time="0.0">
    <ignored/>
  </testcase> <!-- verifyUserAddNewCategoryWithValidDetails -->
</testsuite> <!-- myTest -->
