<?xml version="1.0" encoding="UTF-8"?>
<!-- Generated by org.testng.reporters.JUnitXMLReporter -->
<testsuite ignored="3" hostname="DESKTOP-BHQF87V" failures="0" tests="1" name="myTest" time="8.505" errors="0" timestamp="2025-02-19T18:15:35 IST">
  <testcase classname="testscript.AdminUserTest" name="verifyIfUserInfoCanUpdateStatus" time="3.78"/>
  <testcase classname="testscript.AdminUserTest" name="verifyIfUserInfoCanEdit" time="0.0">
    <ignored/>
  </testcase> <!-- verifyIfUserInfoCanEdit -->
  <testcase classname="testscript.AdminUserTest" name="verifyIfUserInfoCanDelete" time="0.0">
    <ignored/>
  </testcase> <!-- verifyIfUserInfoCanDelete -->
  <testcase classname="testscript.AdminUserTest" name="verifyIfNewUserInfoCanAdd" time="0.0">
    <ignored/>
  </testcase> <!-- verifyIfNewUserInfoCanAdd -->
</testsuite> <!-- myTest -->
