<?xml version="1.0" encoding="UTF-8"?>
<!-- Generated by org.testng.reporters.JUnitXMLReporter -->
<testsuite ignored="2" hostname="DESKTOP-BHQF87V" failures="0" tests="1" name="edge-test" time="29.625" errors="0" timestamp="2025-02-12T15:08:17 IST">
  <testcase classname="testscript.AdminUserTest" name="verifyIfNewUseInfoCanAdd" time="7.555"/>
  <testcase classname="testscript.AdminUserTest" name="verifyIfUserInfoCanEdit" time="0.0">
    <ignored/>
  </testcase> <!-- verifyIfUserInfoCanEdit -->
  <testcase classname="testscript.AdminUserTest" name="verifyIfUserInfoCanDelete" time="0.0">
    <ignored/>
  </testcase> <!-- verifyIfUserInfoCanDelete -->
</testsuite> <!-- edge-test -->
